<?xml version="1.0" encoding="UTF-8"?>
<!-- Generated by org.testng.reporters.JUnitXMLReporter -->
<testsuite ignored="0" hostname="DESKTOP-QSD88I6" failures="1" tests="3" name="Test1" time="17.242" errors="0" timestamp="2024-03-22T11:27:55 IST">
  <testcase classname="day100.ParametersTest" name="login" time="3.181"/>
  <testcase classname="day100.ParametersTest" name="title" time="3.022"/>
  <testcase classname="day100.ParametersTest" name="url" time="0.01">
    <failure type="java.lang.AssertionError" message="expected [https://opensource-demo.orangehrmlive.com/web/index.php/auth/login] but found [https://opensource-demo.orangehrmlive.com/web/index.php/dashboard/index]">
      <![CDATA[java.lang.AssertionError: expected [https://opensource-demo.orangehrmlive.com/web/index.php/auth/login] but found [https://opensource-demo.orangehrmlive.com/web/index.php/dashboard/index]
at day100.ParametersTest.url(ParametersTest.java:72)
at java.base/java.util.ArrayList.forEach(ArrayList.java:1511)
... Removed 33 stack frames]]>
    </failure>
  </testcase> <!-- url -->
</testsuite> <!-- Test1 -->
